{"total": {"lines":{"total":271,"covered":106,"skipped":0,"pct":39.11},"statements":{"total":271,"covered":106,"skipped":0,"pct":39.11},"functions":{"total":37,"covered":21,"skipped":0,"pct":56.75},"branches":{"total":87,"covered":19,"skipped":0,"pct":21.83},"branchesTrue":{"total":0,"covered":0,"skipped":0,"pct":100}}
,"/Users/cygnus/work/github/MultiPost/multipost/src/extension.ts": {"lines":{"total":82,"covered":0,"skipped":0,"pct":0},"functions":{"total":10,"covered":0,"skipped":0,"pct":0},"statements":{"total":82,"covered":0,"skipped":0,"pct":0},"branches":{"total":30,"covered":0,"skipped":0,"pct":0}}
,"/Users/cygnus/work/github/MultiPost/multipost/src/services/PreviewService.ts": {"lines":{"total":21,"covered":21,"skipped":0,"pct":100},"functions":{"total":7,"covered":7,"skipped":0,"pct":100},"statements":{"total":21,"covered":21,"skipped":0,"pct":100},"branches":{"total":6,"covered":6,"skipped":0,"pct":100}}
,"/Users/cygnus/work/github/MultiPost/multipost/src/services/SettingsService.ts": {"lines":{"total":7,"covered":7,"skipped":0,"pct":100},"functions":{"total":4,"covered":4,"skipped":0,"pct":100},"statements":{"total":7,"covered":7,"skipped":0,"pct":100},"branches":{"total":0,"covered":0,"skipped":0,"pct":100}}
,"/Users/cygnus/work/github/MultiPost/multipost/src/services/WeChatService.ts": {"lines":{"total":96,"covered":14,"skipped":0,"pct":14.58},"functions":{"total":10,"covered":4,"skipped":0,"pct":40},"statements":{"total":96,"covered":14,"skipped":0,"pct":14.58},"branches":{"total":39,"covered":2,"skipped":0,"pct":5.12}}
,"/Users/cygnus/work/github/MultiPost/multipost/src/services/defaultTheme.ts": {"lines":{"total":1,"covered":0,"skipped":0,"pct":0},"functions":{"total":0,"covered":0,"skipped":0,"pct":100},"statements":{"total":1,"covered":0,"skipped":0,"pct":0},"branches":{"total":0,"covered":0,"skipped":0,"pct":100}}
,"/Users/cygnus/work/github/MultiPost/multipost/src/utils/extractTitle.ts": {"lines":{"total":3,"covered":3,"skipped":0,"pct":100},"functions":{"total":1,"covered":1,"skipped":0,"pct":100},"statements":{"total":3,"covered":3,"skipped":0,"pct":100},"branches":{"total":2,"covered":2,"skipped":0,"pct":100}}
,"/Users/cygnus/work/github/MultiPost/multipost/src/utils/mermaidRenderer.ts": {"lines":{"total":35,"covered":35,"skipped":0,"pct":100},"functions":{"total":3,"covered":3,"skipped":0,"pct":100},"statements":{"total":35,"covered":35,"skipped":0,"pct":100},"branches":{"total":6,"covered":5,"skipped":0,"pct":83.33}}
,"/Users/cygnus/work/github/MultiPost/multipost/src/utils/processMarkdown.ts": {"lines":{"total":26,"covered":26,"skipped":0,"pct":100},"functions":{"total":2,"covered":2,"skipped":0,"pct":100},"statements":{"total":26,"covered":26,"skipped":0,"pct":100},"branches":{"total":4,"covered":4,"skipped":0,"pct":100}}
}
