TN:
SF:src/extension.ts
FN:12,activate
FN:25,(anonymous_10)
FN:40,(anonymous_11)
FN:75,(anonymous_12)
FN:90,(anonymous_13)
FN:100,(anonymous_14)
FN:131,(anonymous_15)
FN:164,(anonymous_16)
FN:183,updatePreviewAuthStatus
FN:188,deactivate
FNF:10
FNH:0
FNDA:0,activate
FNDA:0,(anonymous_10)
FNDA:0,(anonymous_11)
FNDA:0,(anonymous_12)
FNDA:0,(anonymous_13)
FNDA:0,(anonymous_14)
FNDA:0,(anonymous_15)
FNDA:0,(anonymous_16)
FNDA:0,updatePreviewAuthStatus
FNDA:0,deactivate
DA:1,0
DA:2,0
DA:3,0
DA:4,0
DA:5,0
DA:6,0
DA:12,0
DA:13,0
DA:15,0
DA:16,0
DA:17,0
DA:20,0
DA:23,0
DA:26,0
DA:27,0
DA:28,0
DA:29,0
DA:31,0
DA:32,0
DA:33,0
DA:36,0
DA:38,0
DA:41,0
DA:50,0
DA:75,0
DA:76,0
DA:77,0
DA:78,0
DA:79,0
DA:81,0
DA:86,0
DA:88,0
DA:91,0
DA:92,0
DA:93,0
DA:96,0
DA:98,0
DA:101,0
DA:102,0
DA:103,0
DA:104,0
DA:107,0
DA:108,0
DA:109,0
DA:110,0
DA:111,0
DA:115,0
DA:116,0
DA:117,0
DA:118,0
DA:121,0
DA:122,0
DA:123,0
DA:125,0
DA:132,0
DA:133,0
DA:134,0
DA:135,0
DA:138,0
DA:139,0
DA:141,0
DA:143,0
DA:144,0
DA:145,0
DA:146,0
DA:149,0
DA:152,0
DA:158,0
DA:161,0
DA:162,0
DA:163,0
DA:165,0
DA:166,0
DA:167,0
DA:168,0
DA:169,0
DA:177,0
DA:178,0
DA:179,0
DA:184,0
DA:185,0
DA:188,0
LF:82
LH:0
BRDA:27,0,0,0
BRDA:27,0,1,0
BRDA:77,1,0,0
BRDA:77,1,1,0
BRDA:102,2,0,0
BRDA:102,2,1,0
BRDA:108,3,0,0
BRDA:108,3,1,0
BRDA:116,4,0,0
BRDA:116,4,1,0
BRDA:123,5,0,0
BRDA:123,5,1,0
BRDA:123,5,2,0
BRDA:134,6,0,0
BRDA:134,6,1,0
BRDA:138,7,0,0
BRDA:138,7,1,0
BRDA:138,7,2,0
BRDA:143,8,0,0
BRDA:143,8,1,0
BRDA:143,9,0,0
BRDA:143,9,1,0
BRDA:145,10,0,0
BRDA:145,10,1,0
BRDA:162,11,0,0
BRDA:162,11,1,0
BRDA:165,12,0,0
BRDA:165,12,1,0
BRDA:167,13,0,0
BRDA:167,13,1,0
BRF:30
BRH:0
end_of_record
TN:
SF:src/services/PreviewService.ts
FN:14,(anonymous_9)
FN:18,(anonymous_10)
FN:32,(anonymous_11)
FN:41,(anonymous_12)
FN:52,(anonymous_13)
FN:64,(anonymous_14)
FN:68,(anonymous_15)
FNF:7
FNH:7
FNDA:8,(anonymous_9)
FNDA:6,(anonymous_10)
FNDA:1,(anonymous_11)
FNDA:7,(anonymous_12)
FNDA:2,(anonymous_13)
FNDA:9,(anonymous_14)
FNDA:6,(anonymous_15)
DA:1,1
DA:10,1
DA:15,8
DA:19,6
DA:20,1
DA:22,5
DA:32,5
DA:33,1
DA:37,6
DA:38,6
DA:42,7
DA:43,1
DA:46,6
DA:53,2
DA:54,1
DA:57,1
DA:65,9
DA:69,6
DA:70,6
DA:73,6
DA:77,6
LF:21
LH:21
BRDA:19,0,0,1
BRDA:19,0,1,5
BRDA:42,1,0,1
BRDA:42,1,1,6
BRDA:53,2,0,1
BRDA:53,2,1,1
BRF:6
BRH:6
end_of_record
TN:
SF:src/services/SettingsService.ts
FN:9,(anonymous_9)
FN:11,(anonymous_10)
FN:19,(anonymous_11)
FN:23,(anonymous_12)
FNF:4
FNH:4
FNDA:4,(anonymous_9)
FNDA:3,(anonymous_10)
FNDA:1,(anonymous_11)
FNDA:1,(anonymous_12)
DA:1,1
DA:8,1
DA:9,4
DA:12,3
DA:13,3
DA:20,1
DA:24,1
LF:7
LH:7
BRF:0
BRH:0
end_of_record
TN:
SF:src/services/WeChatService.ts
FN:12,(anonymous_1)
FN:16,(anonymous_2)
FN:27,(anonymous_3)
FN:31,(anonymous_4)
FN:36,(anonymous_5)
FN:41,(anonymous_6)
FN:86,(anonymous_7)
FN:150,(anonymous_8)
FN:213,(anonymous_9)
FN:220,(anonymous_10)
FNF:10
FNH:4
FNDA:5,(anonymous_1)
FNDA:3,(anonymous_2)
FNDA:4,(anonymous_3)
FNDA:1,(anonymous_4)
FNDA:0,(anonymous_5)
FNDA:0,(anonymous_6)
FNDA:0,(anonymous_7)
FNDA:0,(anonymous_8)
FNDA:0,(anonymous_9)
FNDA:0,(anonymous_10)
DA:3,1
DA:4,1
DA:6,1
DA:8,1
DA:9,5
DA:13,5
DA:17,3
DA:18,3
DA:19,2
DA:20,2
DA:22,1
DA:28,4
DA:32,1
DA:33,1
DA:37,0
DA:38,0
DA:42,0
DA:43,0
DA:44,0
DA:50,0
DA:53,0
DA:54,0
DA:55,0
DA:58,0
DA:59,0
DA:60,0
DA:61,0
DA:62,0
DA:64,0
DA:66,0
DA:76,0
DA:77,0
DA:79,0
DA:81,0
DA:82,0
DA:87,0
DA:88,0
DA:91,0
DA:92,0
DA:93,0
DA:95,0
DA:110,0
DA:112,0
DA:113,0
DA:114,0
DA:115,0
DA:116,0
DA:117,0
DA:118,0
DA:120,0
DA:121,0
DA:122,0
DA:125,0
DA:126,0
DA:128,0
DA:134,0
DA:136,0
DA:137,0
DA:139,0
DA:145,0
DA:146,0
DA:156,0
DA:157,0
DA:160,0
DA:161,0
DA:169,0
DA:172,0
DA:173,0
DA:174,0
DA:175,0
DA:178,0
DA:179,0
DA:180,0
DA:181,0
DA:182,0
DA:183,0
DA:184,0
DA:186,0
DA:187,0
DA:188,0
DA:189,0
DA:191,0
DA:197,0
DA:199,0
DA:200,0
DA:201,0
DA:202,0
DA:204,0
DA:205,0
DA:208,0
DA:209,0
DA:214,0
DA:218,0
DA:219,0
DA:220,0
DA:224,0
LF:96
LH:14
BRDA:18,0,0,2
BRDA:18,0,1,1
BRDA:54,1,0,0
BRDA:54,1,1,0
BRDA:64,2,0,0
BRDA:64,2,1,0
BRDA:68,3,0,0
BRDA:68,3,1,0
BRDA:69,4,0,0
BRDA:69,4,1,0
BRDA:70,5,0,0
BRDA:70,5,1,0
BRDA:71,6,0,0
BRDA:71,6,1,0
BRDA:72,7,0,0
BRDA:72,7,1,0
BRDA:87,8,0,0
BRDA:87,8,1,0
BRDA:136,9,0,0
BRDA:136,9,1,0
BRDA:136,10,0,0
BRDA:136,10,1,0
BRDA:141,11,0,0
BRDA:141,11,1,0
BRDA:156,12,0,0
BRDA:156,12,1,0
BRDA:181,13,0,0
BRDA:181,13,1,0
BRDA:199,14,0,0
BRDA:199,14,1,0
BRDA:199,15,0,0
BRDA:199,15,1,0
BRDA:200,16,0,0
BRDA:200,16,1,0
BRDA:204,17,0,0
BRDA:204,17,1,0
BRDA:204,17,2,0
BRDA:218,18,0,0
BRDA:218,18,1,0
BRF:39
BRH:2
end_of_record
TN:
SF:src/services/defaultTheme.ts
FNF:0
FNH:0
DA:2,0
LF:1
LH:0
BRF:0
BRH:0
end_of_record
TN:
SF:src/utils/extractTitle.ts
FN:4,extractTitle
FNF:1
FNH:1
FNDA:4,extractTitle
DA:4,1
DA:5,4
DA:6,4
LF:3
LH:3
BRDA:6,0,0,3
BRDA:6,0,1,1
BRF:2
BRH:2
end_of_record
TN:
SF:src/utils/mermaidRenderer.ts
FN:10,initMermaid
FN:22,(anonymous_10)
FN:35,renderMermaidToBuffer
FNF:3
FNH:3
FNDA:4,initMermaid
FNDA:1,(anonymous_10)
FNDA:4,renderMermaidToBuffer
DA:1,2
DA:2,2
DA:8,2
DA:11,4
DA:12,3
DA:16,1
DA:17,1
DA:18,1
DA:19,1
DA:22,2
DA:23,1
DA:24,1
DA:32,1
DA:35,2
DA:36,4
DA:37,4
DA:39,4
DA:42,3
DA:43,3
DA:44,3
DA:46,3
DA:47,1
DA:48,1
DA:49,1
DA:50,1
DA:55,3
DA:56,3
DA:59,3
DA:60,3
DA:63,3
DA:64,3
DA:69,3
DA:70,3
DA:72,1
DA:73,1
LF:35
LH:35
BRDA:11,0,0,3
BRDA:11,0,1,1
BRDA:46,1,0,1
BRDA:46,1,1,2
BRDA:48,2,0,1
BRDA:48,2,1,0
BRF:6
BRH:5
end_of_record
TN:
SF:src/utils/processMarkdown.ts
FN:13,processMarkdownForUpload
FN:38,processMermaidBlocks
FNF:2
FNH:2
FNDA:5,processMarkdownForUpload
FNDA:5,processMermaidBlocks
DA:1,1
DA:2,1
DA:3,1
DA:4,1
DA:5,1
DA:6,1
DA:7,1
DA:13,1
DA:17,5
DA:20,5
DA:22,5
DA:29,5
DA:30,5
DA:32,5
DA:44,5
DA:45,5
DA:48,5
DA:49,5
DA:51,5
DA:52,5
DA:53,4
DA:55,4
DA:57,3
DA:59,1
DA:62,1
DA:66,5
LF:26
LH:26
BRDA:55,0,0,3
BRDA:55,0,1,1
BRDA:55,1,0,4
BRDA:55,1,1,3
BRF:4
BRH:4
end_of_record
