{"total": {"lines":{"total":713,"covered":332,"skipped":0,"pct":46.56},"statements":{"total":730,"covered":340,"skipped":0,"pct":46.57},"functions":{"total":83,"covered":41,"skipped":0,"pct":49.39},"branches":{"total":261,"covered":90,"skipped":0,"pct":34.48},"branchesTrue":{"total":0,"covered":0,"skipped":0,"pct":100}}
,"/Users/cygnus/work/github/MultiPost/src/extension.ts": {"lines":{"total":227,"covered":61,"skipped":0,"pct":26.87},"functions":{"total":25,"covered":7,"skipped":0,"pct":28},"statements":{"total":231,"covered":61,"skipped":0,"pct":26.4},"branches":{"total":84,"covered":5,"skipped":0,"pct":5.95}}
,"/Users/cygnus/work/github/MultiPost/src/services/ChromeCDPService.ts": {"lines":{"total":152,"covered":8,"skipped":0,"pct":5.26},"functions":{"total":18,"covered":1,"skipped":0,"pct":5.55},"statements":{"total":155,"covered":8,"skipped":0,"pct":5.16},"branches":{"total":46,"covered":0,"skipped":0,"pct":0}}
,"/Users/cygnus/work/github/MultiPost/src/services/PreviewService.ts": {"lines":{"total":35,"covered":30,"skipped":0,"pct":85.71},"functions":{"total":11,"covered":9,"skipped":0,"pct":81.81},"statements":{"total":37,"covered":30,"skipped":0,"pct":81.08},"branches":{"total":22,"covered":15,"skipped":0,"pct":68.18}}
,"/Users/cygnus/work/github/MultiPost/src/services/SettingsService.ts": {"lines":{"total":7,"covered":7,"skipped":0,"pct":100},"functions":{"total":4,"covered":4,"skipped":0,"pct":100},"statements":{"total":7,"covered":7,"skipped":0,"pct":100},"branches":{"total":0,"covered":0,"skipped":0,"pct":100}}
,"/Users/cygnus/work/github/MultiPost/src/services/WeChatService.ts": {"lines":{"total":201,"covered":165,"skipped":0,"pct":82.08},"functions":{"total":18,"covered":15,"skipped":0,"pct":83.33},"statements":{"total":209,"covered":173,"skipped":0,"pct":82.77},"branches":{"total":83,"covered":54,"skipped":0,"pct":65.06}}
,"/Users/cygnus/work/github/MultiPost/src/services/defaultTheme.ts": {"lines":{"total":1,"covered":1,"skipped":0,"pct":100},"functions":{"total":0,"covered":0,"skipped":0,"pct":100},"statements":{"total":1,"covered":1,"skipped":0,"pct":100},"branches":{"total":0,"covered":0,"skipped":0,"pct":100}}
,"/Users/cygnus/work/github/MultiPost/src/utils/extractTitle.ts": {"lines":{"total":3,"covered":3,"skipped":0,"pct":100},"functions":{"total":1,"covered":1,"skipped":0,"pct":100},"statements":{"total":3,"covered":3,"skipped":0,"pct":100},"branches":{"total":2,"covered":2,"skipped":0,"pct":100}}
,"/Users/cygnus/work/github/MultiPost/src/utils/mermaidRenderer.ts": {"lines":{"total":61,"covered":57,"skipped":0,"pct":93.44},"functions":{"total":4,"covered":4,"skipped":0,"pct":100},"statements":{"total":61,"covered":57,"skipped":0,"pct":93.44},"branches":{"total":20,"covered":14,"skipped":0,"pct":70}}
,"/Users/cygnus/work/github/MultiPost/src/utils/processMarkdown.ts": {"lines":{"total":26,"covered":0,"skipped":0,"pct":0},"functions":{"total":2,"covered":0,"skipped":0,"pct":0},"statements":{"total":26,"covered":0,"skipped":0,"pct":0},"branches":{"total":4,"covered":0,"skipped":0,"pct":0}}
}
